[35m[1mScanning dependencies of target sub[0m
[35m[1mScanning dependencies of target pub[0m
[ 50%] [32mBuilding CXX object CMakeFiles/sub.dir/src/sub.cpp.o[0m
[ 50%] [32mBuilding CXX object CMakeFiles/pub.dir/src/pub.cpp.o[0m
[01m[K/home/scp/ros-codes/catkin_ws/src/my_pub_sub/src/sub.cpp:4:47:[m[K [01;31m[Kerror: [m[Kâ€˜[01m[Kstring_msg[m[Kâ€™ in namespace â€˜[01m[Kmy_custom_message[m[Kâ€™ does not name a type
 void chatterCallback(const my_custom_message::string_msg::ConstPtr& msg)
[01;32m[K                                               ^[m[K
[01m[K/home/scp/ros-codes/catkin_ws/src/my_pub_sub/src/sub.cpp:4:67:[m[K [01;31m[Kerror: [m[Kexpected unqualified-id before â€˜[01m[K&[m[Kâ€™ token
 void chatterCallback(const my_custom_message::string_msg::ConstPtr& msg)
[01;32m[K                                                                   ^[m[K
[01m[K/home/scp/ros-codes/catkin_ws/src/my_pub_sub/src/sub.cpp:4:67:[m[K [01;31m[Kerror: [m[Kexpected â€˜[01m[K)[m[Kâ€™ before â€˜[01m[K&[m[Kâ€™ token
[01m[K/home/scp/ros-codes/catkin_ws/src/my_pub_sub/src/sub.cpp:4:69:[m[K [01;31m[Kerror: [m[Kexpected initializer before â€˜[01m[Kmsg[m[Kâ€™
 void chatterCallback(const my_custom_message::string_msg::ConstPtr& msg)
[01;32m[K                                                                     ^[m[K
[01m[K/home/scp/ros-codes/catkin_ws/src/my_pub_sub/src/pub.cpp:[m[K In function â€˜[01m[Kint main(int, char**)[m[Kâ€™:
[01m[K/home/scp/ros-codes/catkin_ws/src/my_pub_sub/src/pub.cpp:10:44:[m[K [01;31m[Kerror: [m[Kâ€˜[01m[Kstring_msg[m[Kâ€™ is not a member of â€˜[01m[Kmy_custom_message[m[Kâ€™
   ros::Publisher chatter_pub = n.advertise<my_custom_message::string_msg>("my_topic", 1000);
[01;32m[K                                            ^[m[K
[01m[K/home/scp/ros-codes/catkin_ws/src/my_pub_sub/src/pub.cpp:10:44:[m[K [01;31m[Kerror: [m[Kâ€˜[01m[Kstring_msg[m[Kâ€™ is not a member of â€˜[01m[Kmy_custom_message[m[Kâ€™
[01m[K/home/scp/ros-codes/catkin_ws/src/my_pub_sub/src/pub.cpp:10:91:[m[K [01;31m[Kerror: [m[Kno matching function for call to â€˜[01m[Kros::NodeHandle::advertise(const char [9], int)[m[Kâ€™
   ros::Publisher chatter_pub = n.advertise<my_custom_message::string_msg>("my_topic", 1000);
[01;32m[K                                                                                           ^[m[K
In file included from [01m[K/opt/ros/kinetic/include/ros/ros.h:45:0[m[K,
                 from [01m[K/home/scp/ros-codes/catkin_ws/src/my_pub_sub/src/pub.cpp:1[m[K:
[01m[K/opt/ros/kinetic/include/ros/node_handle.h:249:15:[m[K [01;36m[Knote: [m[Kcandidate: template<class M> ros::Publisher ros::NodeHandle::advertise(const string&, uint32_t, bool)
     Publisher advertise(const std::string& topic, uint32_t queue_size, bool latch = false)
[01;32m[K               ^[m[K
[01m[K/opt/ros/kinetic/include/ros/node_handle.h:249:15:[m[K [01;36m[Knote: [m[K  template argument deduction/substitution failed:
[01m[K/home/scp/ros-codes/catkin_ws/src/my_pub_sub/src/pub.cpp:10:91:[m[K [01;31m[Kerror: [m[Ktemplate argument 1 is invalid
   ros::Publisher chatter_pub = n.advertise<my_custom_message::string_msg>("my_topic", 1000);
[01;32m[K                                                                                           ^[m[K
In file included from [01m[K/opt/ros/kinetic/include/ros/ros.h:45:0[m[K,
                 from [01m[K/home/scp/ros-codes/catkin_ws/src/my_pub_sub/src/pub.cpp:1[m[K:
[01m[K/opt/ros/kinetic/include/ros/node_handle.h:315:13:[m[K [01;36m[Knote: [m[Kcandidate: template<class M> ros::Publisher ros::NodeHandle::advertise(const string&, uint32_t, const SubscriberStatusCallback&, const SubscriberStatusCallback&, const VoidConstPtr&, bool)
   Publisher advertise(const std::string& topic, uint32_t queue_size,
[01;32m[K             ^[m[K
[01m[K/opt/ros/kinetic/include/ros/node_handle.h:315:13:[m[K [01;36m[Knote: [m[K  template argument deduction/substitution failed:
[01m[K/home/scp/ros-codes/catkin_ws/src/my_pub_sub/src/pub.cpp:10:91:[m[K [01;31m[Kerror: [m[Ktemplate argument 1 is invalid
   ros::Publisher chatter_pub = n.advertise<my_custom_message::string_msg>("my_topic", 1000);
[01;32m[K                                                                                           ^[m[K
[01m[K/home/scp/ros-codes/catkin_ws/src/my_pub_sub/src/pub.cpp:17:5:[m[K [01;31m[Kerror: [m[Kâ€˜[01m[Kstring_msg[m[Kâ€™ is not a member of â€˜[01m[Kmy_custom_message[m[Kâ€™
     my_custom_message::string_msg msg;
[01;32m[K     ^[m[K
[01m[K/home/scp/ros-codes/catkin_ws/src/my_pub_sub/src/pub.cpp:21:5:[m[K [01;31m[Kerror: [m[Kâ€˜[01m[Kmsg[m[Kâ€™ was not declared in this scope
     msg.data = ss.str();
[01;32m[K     ^[m[K
CMakeFiles/sub.dir/build.make:62: recipe for target 'CMakeFiles/sub.dir/src/sub.cpp.o' failed
CMakeFiles/Makefile2:104: recipe for target 'CMakeFiles/sub.dir/all' failed
make[2]: *** [CMakeFiles/sub.dir/src/sub.cpp.o] Error 1
make[1]: *** [CMakeFiles/sub.dir/all] Error 2
make[1]: *** Waiting for unfinished jobs....
CMakeFiles/pub.dir/build.make:62: recipe for target 'CMakeFiles/pub.dir/src/pub.cpp.o' failed
make[2]: *** [CMakeFiles/pub.dir/src/pub.cpp.o] Error 1
make[1]: *** [CMakeFiles/pub.dir/all] Error 2
CMakeFiles/Makefile2:67: recipe for target 'CMakeFiles/pub.dir/all' failed
Makefile:138: recipe for target 'all' failed
make: *** [all] Error 2
