[35m[1mScanning dependencies of target pub[0m
[35m[1mScanning dependencies of target sub[0m
[ 25%] [32mBuilding CXX object CMakeFiles/pub.dir/src/pub.cpp.o[0m
[ 50%] [32mBuilding CXX object CMakeFiles/sub.dir/src/sub.cpp.o[0m
[01m[K/home/scp/ros-codes/catkin_ws/src/my_pub_sub/src/pub.cpp:2:39:[m[K [01;31m[Kfatal error: [m[Kmy_custom_message/str_msg.h: No such file or directory
compilation terminated.
CMakeFiles/pub.dir/build.make:62: recipe for target 'CMakeFiles/pub.dir/src/pub.cpp.o' failed
make[2]: *** [CMakeFiles/pub.dir/src/pub.cpp.o] Error 1
CMakeFiles/Makefile2:675: recipe for target 'CMakeFiles/pub.dir/all' failed
make[1]: *** [CMakeFiles/pub.dir/all] Error 2
make[1]: *** Waiting for unfinished jobs....
[01m[K/home/scp/ros-codes/catkin_ws/src/my_pub_sub/src/sub.cpp:2:39:[m[K [01;31m[Kfatal error: [m[Kmy_custom_message/str_msg.h: No such file or directory
compilation terminated.
CMakeFiles/sub.dir/build.make:62: recipe for target 'CMakeFiles/sub.dir/src/sub.cpp.o' failed
make[2]: *** [CMakeFiles/sub.dir/src/sub.cpp.o] Error 1
make[1]: *** [CMakeFiles/sub.dir/all] Error 2
CMakeFiles/Makefile2:744: recipe for target 'CMakeFiles/sub.dir/all' failed
Makefile:138: recipe for target 'all' failed
make: *** [all] Error 2
