[ 50%] Built target input_output_node
[35m[1mScanning dependencies of target process_node[0m
[ 75%] [32mBuilding CXX object CMakeFiles/process_node.dir/src/process_node.cpp.o[0m
[01m[K/home/scp/ros-codes/catkin_ws/src/client_srv_pub_sub/src/process_node.cpp:[m[K In function â€˜[01m[Kint main(int, char**)[m[Kâ€™:
[01m[K/home/scp/ros-codes/catkin_ws/src/client_srv_pub_sub/src/process_node.cpp:24:29:[m[K [01;31m[Kerror: [m[Kâ€˜[01m[Kn[m[Kâ€™ was not declared in this scope
   ros::Subscriber srv_sub = n.subscribe("srv_topic1", 1000, process_Callback);
[01;32m[K                             ^[m[K
CMakeFiles/process_node.dir/build.make:62: recipe for target 'CMakeFiles/process_node.dir/src/process_node.cpp.o' failed
make[2]: *** [CMakeFiles/process_node.dir/src/process_node.cpp.o] Error 1
CMakeFiles/Makefile2:456: recipe for target 'CMakeFiles/process_node.dir/all' failed
make[1]: *** [CMakeFiles/process_node.dir/all] Error 2
Makefile:138: recipe for target 'all' failed
make: *** [all] Error 2
