[01m[K/home/scp/ros-codes/catkin_ws/src/client_srv_pub_sub/src/input_output_node.cpp:39:0:[m[K [01;31m[Kerror: [m[Kunterminated argument list invoking macro "ROS_INFO"
 }
[01;32m[K ^[m[K
In file included from [01m[K/opt/ros/kinetic/include/ros/ros.h:40:0[m[K,
                 from [01m[K/home/scp/ros-codes/catkin_ws/src/client_srv_pub_sub/src/process_node.cpp:1[m[K:
[01m[K/home/scp/ros-codes/catkin_ws/src/client_srv_pub_sub/src/process_node.cpp:[m[K In function â€˜[01m[Kvoid process_Callback(const ConstPtr&)[m[Kâ€™:
[01m[K/home/scp/ros-codes/catkin_ws/src/client_srv_pub_sub/src/process_node.cpp:11:50:[m[K [01;31m[Kerror: [m[Kâ€˜[01m[Kconst ConstPtr {aka const class boost::shared_ptr<const my_custom_message::numbers_<std::allocator<void> > >}[m[Kâ€™ has no member named â€˜[01m[Ka[m[Kâ€™
   ROS_INFO("Addition of %d and %d.\n", arguments.a, arguments.b);
[01;32m[K                                                  ^[m[K
[01m[K/opt/ros/kinetic/include/ros/console.h:346:165:[m[K [01;36m[Knote: [m[Kin definition of macro â€˜[01m[KROSCONSOLE_PRINT_AT_LOCATION_WITH_FILTER[m[Kâ€™
     ::ros::console::print(filter, __rosconsole_define_location__loc.logger_, __rosconsole_define_location__loc.level_, __FILE__, __LINE__, __ROSCONSOLE_FUNCTION__, __VA_ARGS__)
[01;32m[K                                                                                                                                                                     ^[m[K
[01m[K/opt/ros/kinetic/include/ros/console.h:379:7:[m[K [01;36m[Knote: [m[Kin expansion of macro â€˜[01m[KROSCONSOLE_PRINT_AT_LOCATION[m[Kâ€™
       ROSCONSOLE_PRINT_AT_LOCATION(__VA_ARGS__); \
[01;32m[K       ^[m[K
[01m[K/opt/ros/kinetic/include/ros/console.h:561:35:[m[K [01;36m[Knote: [m[Kin expansion of macro â€˜[01m[KROS_LOG_COND[m[Kâ€™
 #define ROS_LOG(level, name, ...) ROS_LOG_COND(true, level, name, __VA_ARGS__)
[01;32m[K                                   ^[m[K
[01m[K/opt/ros/kinetic/include/rosconsole/macros_generated.h:110:23:[m[K [01;36m[Knote: [m[Kin expansion of macro â€˜[01m[KROS_LOG[m[Kâ€™
 #define ROS_INFO(...) ROS_LOG(::ros::console::levels::Info, ROSCONSOLE_DEFAULT_NAME, __VA_ARGS__)
[01;32m[K                       ^[m[K
[01m[K/home/scp/ros-codes/catkin_ws/src/client_srv_pub_sub/src/process_node.cpp:11:3:[m[K [01;36m[Knote: [m[Kin expansion of macro â€˜[01m[KROS_INFO[m[Kâ€™
   ROS_INFO("Addition of %d and %d.\n", arguments.a, arguments.b);
[01;32m[K   ^[m[K
[01m[K/home/scp/ros-codes/catkin_ws/src/client_srv_pub_sub/src/process_node.cpp:11:63:[m[K [01;31m[Kerror: [m[Kâ€˜[01m[Kconst ConstPtr {aka const class boost::shared_ptr<const my_custom_message::numbers_<std::allocator<void> > >}[m[Kâ€™ has no member named â€˜[01m[Kb[m[Kâ€™
   ROS_INFO("Addition of %d and %d.\n", arguments.a, arguments.b);
[01;32m[K                                                               ^[m[K
[01m[K/opt/ros/kinetic/include/ros/console.h:346:165:[m[K [01;36m[Knote: [m[Kin definition of macro â€˜[01m[KROSCONSOLE_PRINT_AT_LOCATION_WITH_FILTER[m[Kâ€™
     ::ros::console::print(filter, __rosconsole_define_location__loc.logger_, __rosconsole_define_location__loc.level_, __FILE__, __LINE__, __ROSCONSOLE_FUNCTION__, __VA_ARGS__)
[01;32m[K                                                                                                                                                                     ^[m[K
[01m[K/opt/ros/kinetic/include/ros/console.h:379:7:[m[K [01;36m[Knote: [m[Kin expansion of macro â€˜[01m[KROSCONSOLE_PRINT_AT_LOCATION[m[Kâ€™
       ROSCONSOLE_PRINT_AT_LOCATION(__VA_ARGS__); \
[01;32m[K       ^[m[K
[01m[K/opt/ros/kinetic/include/ros/console.h:561:35:[m[K [01;36m[Knote: [m[Kin expansion of macro â€˜[01m[KROS_LOG_COND[m[Kâ€™
 #define ROS_LOG(level, name, ...) ROS_LOG_COND(true, level, name, __VA_ARGS__)
[01;32m[K                                   ^[m[K
[01m[K/opt/ros/kinetic/include/rosconsole/macros_generated.h:110:23:[m[K [01;36m[Knote: [m[Kin expansion of macro â€˜[01m[KROS_LOG[m[Kâ€™
 #define ROS_INFO(...) ROS_LOG(::ros::console::levels::Info, ROSCONSOLE_DEFAULT_NAME, __VA_ARGS__)
[01;32m[K                       ^[m[K
[01m[K/home/scp/ros-codes/catkin_ws/src/client_srv_pub_sub/src/process_node.cpp:11:3:[m[K [01;36m[Knote: [m[Kin expansion of macro â€˜[01m[KROS_INFO[m[Kâ€™
   ROS_INFO("Addition of %d and %d.\n", arguments.a, arguments.b);
[01;32m[K   ^[m[K
[01m[K/home/scp/ros-codes/catkin_ws/src/client_srv_pub_sub/src/process_node.cpp:12:3:[m[K [01;31m[Kerror: [m[Kâ€˜[01m[Kcout[m[Kâ€™ was not declared in this scope
   cout<<"Calculating SUM.....\n";
[01;32m[K   ^[m[K
[01m[K/home/scp/ros-codes/catkin_ws/src/client_srv_pub_sub/src/process_node.cpp:12:3:[m[K [01;36m[Knote: [m[Ksuggested alternative:
In file included from [01m[K/opt/ros/kinetic/include/ros/time.h:54:0[m[K,
                 from [01m[K/opt/ros/kinetic/include/ros/ros.h:38[m[K,
                 from [01m[K/home/scp/ros-codes/catkin_ws/src/client_srv_pub_sub/src/process_node.cpp:1[m[K:
[01m[K/usr/include/c++/5/iostream:61:18:[m[K [01;36m[Knote: [m[K  â€˜[01m[Kstd::cout[m[Kâ€™
   extern ostream cout;  /// Linked to standard output
[01;32m[K                  ^[m[K
[01m[K/home/scp/ros-codes/catkin_ws/src/client_srv_pub_sub/src/process_node.cpp:14:23:[m[K [01;31m[Kerror: [m[Kâ€˜[01m[Kconst ConstPtr {aka const class boost::shared_ptr<const my_custom_message::numbers_<std::allocator<void> > >}[m[Kâ€™ has no member named â€˜[01m[Ka[m[Kâ€™
   Sum.sum = arguments.a + arguments.b;
[01;32m[K                       ^[m[K
[01m[K/home/scp/ros-codes/catkin_ws/src/client_srv_pub_sub/src/process_node.cpp:14:37:[m[K [01;31m[Kerror: [m[Kâ€˜[01m[Kconst ConstPtr {aka const class boost::shared_ptr<const my_custom_message::numbers_<std::allocator<void> > >}[m[Kâ€™ has no member named â€˜[01m[Kb[m[Kâ€™
   Sum.sum = arguments.a + arguments.b;
[01;32m[K                                     ^[m[K
[01m[K/home/scp/ros-codes/catkin_ws/src/client_srv_pub_sub/src/process_node.cpp:15:3:[m[K [01;31m[Kerror: [m[Kâ€˜[01m[Kchatter_pub[m[Kâ€™ was not declared in this scope
   chatter_pub.publish(Sum);
[01;32m[K   ^[m[K
[01m[K/home/scp/ros-codes/catkin_ws/src/client_srv_pub_sub/src/input_output_node.cpp:[m[K In function â€˜[01m[Kvoid in_out_Callback(const ConstPtr&)[m[Kâ€™:
[01m[K/home/scp/ros-codes/catkin_ws/src/client_srv_pub_sub/src/input_output_node.cpp:7:3:[m[K [01;31m[Kerror: [m[Kâ€˜[01m[KROS_INFO[m[Kâ€™ was not declared in this scope
   ROS_INFO("SUM = %d\n", Sum.sum;
[01;32m[K   ^[m[K
[01m[K/home/scp/ros-codes/catkin_ws/src/client_srv_pub_sub/src/input_output_node.cpp:7:3:[m[K [01;31m[Kerror: [m[Kexpected â€˜[01m[K}[m[Kâ€™ at end of input
make[2]: *** [CMakeFiles/input_output_node.dir/src/input_output_node.cpp.o] Error 1
make[1]: *** [CMakeFiles/input_output_node.dir/all] Error 2
make[1]: *** Waiting for unfinished jobs....
make[2]: *** [CMakeFiles/process_node.dir/src/process_node.cpp.o] Error 1
make[1]: *** [CMakeFiles/process_node.dir/all] Error 2
make: *** [all] Error 2
